2024-01-12 01:23:42,863 [main] INFO CoverFoxInsurence - Launching Cover fox
2024-01-12 01:24:44,177 [main] INFO CoverFoxInsurence - Clicking on male button
2024-01-12 01:24:47,742 [main] INFO CoverFoxInsurence - Clicking on next button
2024-01-12 01:25:01,973 [main] INFO CoverFoxInsurence - Hanldeling Age DropDown
2024-01-12 01:25:02,109 [main] INFO CoverFoxInsurence - Clicking on next button
2024-01-12 01:25:07,123 [main] INFO CoverFoxInsurence - Entering pin code
2024-01-12 01:25:10,467 [main] INFO CoverFoxInsurence - Entering mobile num 
2024-01-12 01:25:10,922 [main] INFO CoverFoxInsurence - Clicking on continue button
2024-01-12 01:25:24,296 [main] INFO CoverFoxInsurence -  Fetching number of results from Banners
2024-01-12 01:25:25,380 [main] ERROR CoverFoxInsurence - TC is passed  
2024-01-17 13:48:00,260 [main] INFO CoverFoxInsurence - Launching Cover fox
2024-01-17 14:03:38,293 [main] INFO CoverFoxInsurence - Launching Cover fox
2024-01-17 14:04:20,992 [main] INFO CoverFoxInsurence - Clicking on male button
2024-01-17 14:04:23,264 [main] INFO CoverFoxInsurence - Clicking on next button
2024-01-17 14:04:35,109 [main] INFO CoverFoxInsurence - Hanldeling Age DropDown
2024-01-17 14:04:35,202 [main] INFO CoverFoxInsurence - Clicking on next button
2024-01-17 14:04:40,214 [main] INFO CoverFoxInsurence - Entering pin code
2024-01-17 14:04:42,644 [main] INFO CoverFoxInsurence - Entering mobile num 
2024-01-17 14:04:43,031 [main] INFO CoverFoxInsurence - Clicking on continue button
2024-01-17 14:04:56,223 [main] INFO CoverFoxInsurence -  Fetching number of results from Banners
2024-01-17 14:04:57,405 [main] ERROR CoverFoxInsurence - TC is passed  
2024-01-17 16:40:27,216 [main] INFO CoverFoxInsurence - Launching Cover fox
2024-01-17 16:42:45,376 [main] INFO CoverFoxInsurence - Clicking on male button
2024-01-17 16:42:48,107 [main] INFO CoverFoxInsurence - Clicking on next button
2024-01-17 16:43:03,620 [main] INFO CoverFoxInsurence - Hanldeling Age DropDown
2024-01-17 16:43:03,799 [main] INFO CoverFoxInsurence - Clicking on next button
2024-01-17 16:43:08,802 [main] INFO CoverFoxInsurence - Entering pin code
2024-01-17 16:43:11,311 [main] INFO CoverFoxInsurence - Entering mobile num 
2024-01-17 16:43:12,109 [main] INFO CoverFoxInsurence - Clicking on continue button
2024-01-17 16:43:26,009 [main] INFO CoverFoxInsurence -  Fetching number of results from Banners
2024-01-17 16:43:28,901 [main] ERROR CoverFoxInsurence - TC is passed  
